TN:
SF:src\components\DataGrid\aggregationUtils.ts
FN:6,computeAggregate
FN:39,computeAggregations
FN:56,computeGroupAggregations
FN:62,processGroup
FN:84,getAllLeafRows
FN:101,formatAggregateValue
FN:126,getAggregateLabel
FNF:7
FNH:7
FNDA:13,computeAggregate
FNDA:2,computeAggregations
FNDA:1,computeGroupAggregations
FNDA:3,processGroup
FNDA:1,getAllLeafRows
FNDA:4,formatAggregateValue
FNDA:6,getAggregateLabel
DA:6,1
DA:7,13
DA:8,13
DA:9,13
DA:10,13
DA:12,13
DA:13,13
DA:14,13
DA:15,13
DA:17,13
DA:19,11
DA:20,13
DA:21,2
DA:22,13
DA:23,13
DA:24,5
DA:25,13
DA:26,2
DA:27,13
DA:28,1
DA:29,13
DA:30,1
DA:31,13
DA:32,0
DA:33,13
DA:34,13
DA:39,1
DA:40,2
DA:41,2
DA:42,2
DA:43,2
DA:45,2
DA:46,3
DA:47,3
DA:48,2
DA:50,2
DA:51,2
DA:56,1
DA:57,1
DA:58,1
DA:59,1
DA:60,1
DA:62,1
DA:63,3
DA:65,1
DA:68,1
DA:69,1
DA:72,1
DA:73,1
DA:74,3
DA:76,1
DA:78,1
DA:79,1
DA:84,1
DA:85,1
DA:87,1
DA:88,2
DA:89,0
DA:90,2
DA:91,2
DA:92,2
DA:93,1
DA:95,1
DA:96,1
DA:101,1
DA:102,4
DA:103,4
DA:104,4
DA:105,4
DA:107,3
DA:108,4
DA:109,0
DA:110,4
DA:111,1
DA:112,4
DA:113,4
DA:114,4
DA:115,4
DA:117,2
DA:118,4
DA:119,0
DA:120,4
DA:121,4
DA:126,1
DA:127,6
DA:128,6
DA:129,1
DA:130,6
DA:131,6
DA:132,2
DA:133,6
DA:134,1
DA:135,6
DA:136,1
DA:137,6
DA:138,1
DA:139,6
DA:140,0
DA:141,6
DA:142,6
LF:100
LH:95
BRDA:6,0,0,13
BRDA:17,1,0,3
BRDA:17,2,0,2
BRDA:17,3,0,11
BRDA:20,4,0,2
BRDA:22,5,0,4
BRDA:23,6,0,5
BRDA:25,7,0,2
BRDA:27,8,0,1
BRDA:29,9,0,1
BRDA:31,10,0,0
BRDA:13,11,0,37
BRDA:14,12,0,37
BRDA:14,13,0,36
BRDA:14,14,0,35
BRDA:24,15,0,13
BRDA:26,16,0,6
BRDA:39,17,0,2
BRDA:45,18,0,3
BRDA:56,19,0,1
BRDA:62,20,0,3
BRDA:63,21,0,1
BRDA:63,22,0,1
BRDA:72,23,0,2
BRDA:76,24,0,1
BRDA:84,25,0,1
BRDA:87,26,0,2
BRDA:88,27,0,0
BRDA:88,28,0,0
BRDA:101,29,0,4
BRDA:105,30,0,1
BRDA:105,31,0,3
BRDA:108,32,0,0
BRDA:110,33,0,1
BRDA:112,34,0,2
BRDA:113,35,0,2
BRDA:114,36,0,2
BRDA:115,37,0,2
BRDA:117,38,0,1
BRDA:117,39,0,1
BRDA:118,40,0,0
BRDA:126,41,0,6
BRDA:128,42,0,1
BRDA:130,43,0,1
BRDA:131,44,0,2
BRDA:133,45,0,1
BRDA:135,46,0,1
BRDA:137,47,0,1
BRDA:139,48,0,0
BRF:49
BRH:43
end_of_record
TN:
SF:src\components\DataGrid\filterUtils.ts
FN:6,applyTextFilter
FN:40,applyNumberFilter
FN:82,applyDateFilter
FN:131,applySetFilter
FN:147,getFilterOperationType
FN:176,isAdvancedFilter
FN:183,applySingleCondition
FN:202,applyAdvancedFilter
FN:219,applyFilter
FN:246,applyFilters
FN:263,hasActiveFilters
FN:270,getActiveFilterCount
FN:277,clearAllFilters
FNF:13
FNH:13
FNDA:43,applyTextFilter
FNDA:34,applyNumberFilter
FNDA:8,applyDateFilter
FNDA:8,applySetFilter
FNDA:93,getFilterOperationType
FNDA:90,isAdvancedFilter
FNDA:7,applySingleCondition
FNDA:4,applyAdvancedFilter
FNDA:90,applyFilter
FNDA:23,applyFilters
FNDA:3,hasActiveFilters
FNDA:1,getActiveFilterCount
FNDA:1,clearAllFilters
DA:6,1
DA:8,43
DA:9,4
DA:10,4
DA:11,43
DA:12,4
DA:13,4
DA:15,43
DA:16,35
DA:17,43
DA:19,43
DA:20,43
DA:21,4
DA:22,43
DA:23,4
DA:24,43
DA:25,15
DA:26,43
DA:27,4
DA:28,43
DA:29,4
DA:30,43
DA:31,4
DA:32,43
DA:33,0
DA:34,43
DA:35,43
DA:40,1
DA:42,34
DA:43,0
DA:44,0
DA:45,34
DA:46,0
DA:47,0
DA:49,34
DA:50,34
DA:51,34
DA:53,34
DA:54,34
DA:56,34
DA:57,34
DA:58,4
DA:59,34
DA:60,4
DA:61,34
DA:62,6
DA:63,34
DA:64,4
DA:65,34
DA:66,4
DA:67,34
DA:68,4
DA:69,34
DA:70,8
DA:71,8
DA:72,8
DA:73,8
DA:74,34
DA:75,0
DA:76,34
DA:77,34
DA:82,1
DA:84,8
DA:85,0
DA:86,0
DA:87,8
DA:88,0
DA:89,0
DA:91,8
DA:93,8
DA:94,8
DA:95,0
DA:96,8
DA:97,8
DA:98,8
DA:100,8
DA:102,8
DA:103,8
DA:106,8
DA:107,8
DA:109,8
DA:110,8
DA:111,0
DA:112,8
DA:113,4
DA:114,8
DA:115,4
DA:116,8
DA:117,0
DA:118,0
DA:119,0
DA:120,0
DA:121,0
DA:122,0
DA:123,8
DA:124,0
DA:125,8
DA:126,8
DA:131,1
DA:132,8
DA:134,8
DA:137,8
DA:138,4
DA:139,4
DA:141,4
DA:142,4
DA:147,1
DA:148,93
DA:151,93
DA:152,53
DA:153,34
DA:154,34
DA:155,53
DA:158,93
DA:159,8
DA:160,8
DA:163,93
DA:165,0
DA:166,0
DA:167,0
DA:168,0
DA:170,43
DA:171,43
DA:176,1
DA:177,90
DA:178,90
DA:183,1
DA:184,7
DA:185,7
DA:187,7
DA:188,7
DA:189,0
DA:190,7
DA:191,0
DA:192,7
DA:193,0
DA:194,7
DA:195,7
DA:196,7
DA:197,7
DA:202,1
DA:203,4
DA:205,4
DA:207,4
DA:209,0
DA:210,4
DA:212,4
DA:213,4
DA:214,4
DA:219,1
DA:220,90
DA:223,90
DA:224,4
DA:225,4
DA:228,86
DA:229,86
DA:231,86
DA:232,90
DA:233,34
DA:234,90
DA:235,8
DA:236,90
DA:237,8
DA:238,90
DA:239,36
DA:240,90
DA:241,90
DA:246,1
DA:247,23
DA:248,1
DA:249,1
DA:251,22
DA:253,88
DA:254,90
DA:255,90
DA:256,88
DA:257,22
DA:258,22
DA:263,1
DA:264,3
DA:265,3
DA:270,1
DA:271,1
DA:272,1
DA:277,1
DA:278,1
DA:279,1
LF:187
LH:160
BRDA:6,0,0,43
BRDA:8,1,0,4
BRDA:9,2,0,3
BRDA:10,3,0,39
BRDA:11,4,0,4
BRDA:12,5,0,3
BRDA:13,6,0,35
BRDA:15,7,0,0
BRDA:15,8,0,35
BRDA:17,9,0,0
BRDA:20,10,0,4
BRDA:22,11,0,4
BRDA:24,12,0,15
BRDA:26,13,0,4
BRDA:28,14,0,4
BRDA:30,15,0,4
BRDA:32,16,0,0
BRDA:40,17,0,34
BRDA:42,18,0,0
BRDA:45,19,0,0
BRDA:49,20,0,0
BRDA:50,21,0,30
BRDA:50,22,0,4
BRDA:51,23,0,0
BRDA:54,24,0,0
BRDA:57,25,0,4
BRDA:59,26,0,4
BRDA:61,27,0,6
BRDA:63,28,0,4
BRDA:65,29,0,4
BRDA:67,30,0,4
BRDA:69,31,0,8
BRDA:71,32,0,0
BRDA:72,33,0,7
BRDA:74,34,0,0
BRDA:82,35,0,8
BRDA:84,36,0,0
BRDA:87,37,0,0
BRDA:91,38,0,0
BRDA:94,39,0,0
BRDA:100,40,0,0
BRDA:103,41,0,0
BRDA:110,42,0,0
BRDA:112,43,0,4
BRDA:114,44,0,4
BRDA:116,45,0,0
BRDA:123,46,0,0
BRDA:131,47,0,8
BRDA:132,48,0,0
BRDA:137,49,0,4
BRDA:147,50,0,93
BRDA:148,51,0,89
BRDA:148,52,0,85
BRDA:148,53,0,8
BRDA:148,54,0,85
BRDA:151,55,0,0
BRDA:151,56,0,53
BRDA:152,57,0,34
BRDA:155,58,0,51
BRDA:158,59,0,0
BRDA:158,60,0,8
BRDA:160,61,0,43
BRDA:163,62,0,35
BRDA:163,63,0,0
BRDA:168,64,0,43
BRDA:176,65,0,90
BRDA:177,66,0,4
BRDA:183,67,0,7
BRDA:188,68,0,0
BRDA:190,69,0,0
BRDA:192,70,0,0
BRDA:202,71,0,4
BRDA:205,72,0,0
BRDA:207,73,0,0
BRDA:212,74,0,7
BRDA:219,75,0,90
BRDA:220,76,0,0
BRDA:223,77,0,4
BRDA:225,78,0,86
BRDA:232,79,0,34
BRDA:234,80,0,8
BRDA:236,81,0,8
BRDA:238,82,0,36
BRDA:246,83,0,23
BRDA:247,84,0,1
BRDA:249,85,0,22
BRDA:251,86,0,88
BRDA:253,87,0,90
BRDA:254,88,0,0
BRDA:263,89,0,3
BRDA:264,90,0,2
BRDA:270,91,0,1
BRDA:271,92,0,3
BRDA:277,93,0,1
BRF:94
BRH:64
end_of_record
TN:
SF:src\components\DataGrid\gridReducer.ts
FN:7,createInitialState
FN:56,gridReducer
FNF:2
FNH:2
FNDA:38,createInitialState
FNDA:66,gridReducer
DA:7,1
DA:8,38
DA:9,38
DA:11,38
DA:12,112
DA:13,112
DA:14,38
DA:16,38
DA:17,38
DA:18,38
DA:19,38
DA:20,38
DA:21,38
DA:22,38
DA:23,38
DA:24,38
DA:25,38
DA:26,38
DA:27,38
DA:28,38
DA:29,38
DA:30,38
DA:31,38
DA:32,38
DA:33,38
DA:34,38
DA:35,38
DA:36,38
DA:37,38
DA:38,38
DA:39,38
DA:40,38
DA:41,38
DA:42,38
DA:43,38
DA:44,38
DA:45,38
DA:46,38
DA:47,38
DA:48,38
DA:49,38
DA:50,38
DA:51,38
DA:52,38
DA:53,38
DA:56,1
DA:57,66
DA:58,66
DA:59,1
DA:60,1
DA:61,1
DA:62,1
DA:63,1
DA:64,1
DA:65,1
DA:67,66
DA:68,4
DA:69,4
DA:71,4
DA:72,1
DA:73,4
DA:74,3
DA:75,3
DA:77,4
DA:78,4
DA:79,4
DA:80,4
DA:81,4
DA:82,4
DA:84,66
DA:85,1
DA:86,1
DA:87,1
DA:88,1
DA:89,1
DA:90,1
DA:92,66
DA:93,1
DA:94,1
DA:95,1
DA:96,1
DA:97,1
DA:99,66
DA:100,1
DA:101,1
DA:102,1
DA:103,1
DA:104,1
DA:105,1
DA:107,66
DA:108,7
DA:109,7
DA:111,7
DA:113,5
DA:114,1
DA:115,5
DA:116,4
DA:117,4
DA:118,7
DA:120,2
DA:121,0
DA:122,2
DA:123,2
DA:124,2
DA:125,2
DA:126,2
DA:128,7
DA:129,7
DA:130,7
DA:131,7
DA:132,7
DA:133,7
DA:134,7
DA:135,7
DA:137,66
DA:138,1
DA:139,1
DA:141,1
DA:143,1
DA:144,1
DA:145,1
DA:146,1
DA:147,1
DA:148,1
DA:149,1
DA:150,1
DA:152,66
DA:155,0
DA:156,0
DA:158,66
DA:159,1
DA:160,1
DA:161,1
DA:162,1
DA:163,1
DA:164,1
DA:165,1
DA:166,1
DA:168,66
DA:169,1
DA:170,1
DA:171,1
DA:172,1
DA:173,1
DA:174,1
DA:175,1
DA:176,1
DA:178,66
DA:179,1
DA:180,1
DA:181,1
DA:182,1
DA:183,1
DA:184,1
DA:185,1
DA:186,1
DA:187,1
DA:188,1
DA:190,66
DA:191,1
DA:192,1
DA:193,1
DA:194,1
DA:195,1
DA:196,1
DA:197,1
DA:198,1
DA:199,1
DA:201,66
DA:202,1
DA:203,1
DA:204,1
DA:205,1
DA:206,1
DA:208,66
DA:209,2
DA:210,2
DA:211,2
DA:212,2
DA:214,2
DA:215,2
DA:216,2
DA:217,2
DA:218,2
DA:220,66
DA:221,1
DA:222,1
DA:223,1
DA:224,1
DA:225,1
DA:226,1
DA:227,1
DA:228,1
DA:229,1
DA:231,66
DA:232,1
DA:233,1
DA:234,1
DA:236,1
DA:237,2
DA:238,2
DA:239,1
DA:241,1
DA:242,1
DA:243,1
DA:245,1
DA:246,1
DA:247,1
DA:248,1
DA:249,1
DA:250,1
DA:251,1
DA:252,1
DA:253,1
DA:255,66
DA:256,6
DA:257,6
DA:258,1
DA:259,1
DA:261,5
DA:262,5
DA:263,5
DA:264,5
DA:265,5
DA:266,5
DA:268,66
DA:269,1
DA:270,1
DA:271,1
DA:272,1
DA:273,1
DA:274,1
DA:275,1
DA:277,66
DA:278,1
DA:279,1
DA:280,1
DA:281,1
DA:283,1
DA:284,1
DA:285,1
DA:286,1
DA:287,1
DA:289,66
DA:290,2
DA:291,2
DA:292,2
DA:293,2
DA:294,2
DA:295,2
DA:296,2
DA:297,2
DA:298,2
DA:300,66
DA:301,1
DA:302,1
DA:303,1
DA:304,1
DA:305,1
DA:306,1
DA:307,1
DA:309,66
DA:310,5
DA:311,5
DA:312,5
DA:313,0
DA:314,0
DA:316,5
DA:317,5
DA:319,5
DA:320,4
DA:321,4
DA:322,4
DA:323,4
DA:324,4
DA:325,4
DA:327,1
DA:328,1
DA:329,1
DA:330,1
DA:331,1
DA:332,1
DA:334,66
DA:335,1
DA:336,1
DA:337,1
DA:338,1
DA:339,1
DA:340,1
DA:341,1
DA:343,66
DA:344,6
DA:345,6
DA:347,6
DA:349,1
DA:350,6
DA:352,5
DA:353,5
DA:354,4
DA:355,4
DA:356,5
DA:358,6
DA:359,6
DA:360,6
DA:361,6
DA:362,6
DA:364,66
DA:365,2
DA:366,2
DA:368,2
DA:370,1
DA:371,1
DA:373,1
DA:374,1
DA:375,1
DA:376,1
DA:377,1
DA:379,2
DA:380,2
DA:381,2
DA:382,2
DA:383,2
DA:385,66
DA:387,1
DA:388,1
DA:390,1
DA:391,3
DA:392,1
DA:394,1
DA:395,1
DA:396,1
DA:397,1
DA:398,1
DA:399,1
DA:400,1
DA:401,1
DA:402,1
DA:404,66
DA:405,0
DA:407,0
DA:408,0
DA:409,0
DA:410,0
DA:411,0
DA:412,0
DA:413,0
DA:414,0
DA:415,0
DA:416,0
DA:417,0
DA:418,0
DA:419,0
DA:420,0
DA:422,66
DA:423,0
DA:425,0
DA:426,0
DA:427,0
DA:428,0
DA:429,0
DA:430,0
DA:431,0
DA:432,0
DA:433,0
DA:434,0
DA:435,0
DA:436,0
DA:437,0
DA:439,66
DA:440,2
DA:441,2
DA:442,2
DA:444,2
DA:445,2
DA:446,2
DA:447,2
DA:448,2
DA:449,2
DA:450,2
DA:451,2
DA:453,66
DA:455,0
DA:456,0
DA:458,66
DA:460,0
DA:461,0
DA:463,66
DA:464,1
DA:465,1
DA:466,1
DA:467,1
DA:468,1
DA:470,66
DA:471,0
DA:472,0
DA:473,0
DA:474,0
DA:475,0
DA:477,66
DA:478,1
DA:479,1
DA:480,1
DA:481,1
DA:482,1
DA:483,1
DA:484,1
DA:485,1
DA:486,1
DA:487,1
DA:489,66
DA:490,1
DA:491,1
DA:492,1
DA:493,1
DA:494,1
DA:495,1
DA:496,1
DA:497,1
DA:498,1
DA:499,1
DA:500,1
DA:502,66
DA:503,2
DA:505,2
DA:507,2
DA:508,0
DA:509,2
DA:511,2
DA:512,2
DA:513,2
DA:514,2
DA:515,2
DA:516,2
DA:518,66
DA:519,1
DA:521,1
DA:523,1
DA:524,0
DA:525,1
DA:527,1
DA:528,1
DA:529,1
DA:530,1
DA:531,1
DA:532,1
DA:534,66
DA:535,1
DA:536,1
DA:537,1
DA:538,1
DA:539,1
DA:540,1
DA:541,1
DA:543,66
DA:544,2
DA:545,2
DA:546,2
DA:547,2
DA:548,2
DA:549,2
DA:550,2
DA:551,2
DA:552,2
DA:553,2
DA:554,2
DA:555,2
DA:556,2
DA:558,66
DA:559,1
DA:560,1
DA:561,1
DA:562,1
DA:563,1
DA:564,1
DA:565,1
DA:566,1
DA:567,1
DA:568,1
DA:569,1
DA:570,1
DA:572,66
DA:573,1
DA:574,1
DA:575,1
DA:576,1
DA:577,1
DA:578,1
DA:579,1
DA:580,1
DA:581,1
DA:582,1
DA:583,1
DA:584,1
DA:586,66
DA:587,1
DA:588,1
DA:589,1
DA:590,1
DA:591,1
DA:592,1
DA:593,1
DA:594,1
DA:596,66
DA:599,0
DA:600,0
DA:602,66
DA:603,1
DA:604,66
DA:605,66
LF:509
LH:462
BRDA:7,0,0,38
BRDA:11,1,0,112
BRDA:12,2,0,1
BRDA:56,3,0,66
BRDA:58,4,0,1
BRDA:67,5,0,4
BRDA:71,6,0,3
BRDA:71,7,0,1
BRDA:73,8,0,3
BRDA:84,9,0,1
BRDA:92,10,0,1
BRDA:99,11,0,1
BRDA:107,12,0,7
BRDA:111,13,0,5
BRDA:113,14,0,1
BRDA:115,15,0,4
BRDA:118,16,0,2
BRDA:120,17,0,1
BRDA:120,18,0,0
BRDA:137,19,0,1
BRDA:152,20,0,0
BRDA:158,21,0,1
BRDA:168,22,0,1
BRDA:178,23,0,1
BRDA:190,24,0,1
BRDA:201,25,0,1
BRDA:208,26,0,2
BRDA:220,27,0,1
BRDA:231,28,0,1
BRDA:255,29,0,6
BRDA:257,30,0,1
BRDA:259,31,0,5
BRDA:268,32,0,1
BRDA:277,33,0,1
BRDA:289,34,0,2
BRDA:300,35,0,1
BRDA:309,36,0,5
BRDA:312,37,0,0
BRDA:319,38,0,4
BRDA:325,39,0,1
BRDA:334,40,0,1
BRDA:343,41,0,6
BRDA:347,42,0,1
BRDA:350,43,0,5
BRDA:353,44,0,4
BRDA:364,45,0,2
BRDA:368,46,0,1
BRDA:385,47,0,1
BRDA:404,48,0,0
BRDA:422,49,0,0
BRDA:439,50,0,2
BRDA:453,51,0,0
BRDA:458,52,0,0
BRDA:463,53,0,1
BRDA:470,54,0,0
BRDA:477,55,0,1
BRDA:489,56,0,1
BRDA:502,57,0,2
BRDA:507,58,0,0
BRDA:518,59,0,1
BRDA:523,60,0,0
BRDA:534,61,0,1
BRDA:543,62,0,2
BRDA:545,63,0,1
BRDA:558,64,0,1
BRDA:572,65,0,1
BRDA:586,66,0,1
BRDA:596,67,0,0
BRDA:602,68,0,1
BRDA:141,69,0,3
BRDA:236,70,0,2
BRDA:237,71,0,0
BRDA:242,72,0,1
BRDA:272,73,0,1
BRDA:311,74,0,8
BRDA:316,75,0,1
BRDA:338,76,0,1
BRDA:352,77,0,15
BRDA:373,78,0,3
BRDA:387,79,0,3
BRDA:390,80,0,3
BRDA:391,81,0,0
BRDA:521,82,0,1
BRDA:538,83,0,1
BRF:84
BRH:71
end_of_record
TN:
SF:src\components\DataGrid\groupingUtils.ts
FN:6,computeAggregate
FN:37,groupRows
FN:113,flattenGroupedRows
FN:135,isGroupedRow
FNF:4
FNH:4
FNDA:7,computeAggregate
FNDA:9,groupRows
FNDA:5,flattenGroupedRows
FNDA:2,isGroupedRow
DA:6,1
DA:7,7
DA:8,7
DA:9,7
DA:10,7
DA:11,7
DA:12,7
DA:13,7
DA:14,7
DA:16,7
DA:18,5
DA:19,7
DA:20,1
DA:21,7
DA:22,1
DA:23,7
DA:24,1
DA:25,7
DA:26,1
DA:27,7
DA:28,1
DA:29,7
DA:30,0
DA:31,7
DA:32,7
DA:37,1
DA:38,9
DA:39,9
DA:40,9
DA:41,9
DA:42,9
DA:43,9
DA:44,1
DA:45,1
DA:47,8
DA:48,8
DA:51,8
DA:52,20
DA:53,20
DA:54,20
DA:55,15
DA:56,15
DA:57,20
DA:58,8
DA:61,8
DA:63,8
DA:64,15
DA:65,15
DA:68,15
DA:69,2
DA:70,13
DA:73,15
DA:74,15
DA:75,15
DA:78,15
DA:79,15
DA:80,15
DA:81,56
DA:82,26
DA:83,26
DA:84,26
DA:85,26
DA:87,26
DA:88,13
DA:89,13
DA:90,13
DA:91,26
DA:92,15
DA:93,15
DA:95,15
DA:96,15
DA:97,15
DA:98,15
DA:99,15
DA:100,15
DA:101,15
DA:102,15
DA:103,15
DA:104,15
DA:105,8
DA:107,8
DA:108,8
DA:113,1
DA:114,5
DA:115,5
DA:116,5
DA:118,5
DA:119,8
DA:120,4
DA:121,4
DA:122,3
DA:123,3
DA:124,4
DA:125,4
DA:126,4
DA:127,5
DA:129,5
DA:130,5
DA:135,1
DA:136,2
DA:137,2
LF:101
LH:100
BRDA:6,0,0,7
BRDA:16,1,0,2
BRDA:16,2,0,5
BRDA:19,3,0,1
BRDA:21,4,0,1
BRDA:23,5,0,1
BRDA:25,6,0,1
BRDA:27,7,0,1
BRDA:29,8,0,0
BRDA:12,9,0,18
BRDA:13,10,0,18
BRDA:22,11,0,3
BRDA:24,12,0,3
BRDA:37,13,0,9
BRDA:43,14,0,8
BRDA:43,15,0,1
BRDA:45,16,0,8
BRDA:51,17,0,20
BRDA:53,18,0,1
BRDA:54,19,0,15
BRDA:63,20,0,15
BRDA:68,21,0,2
BRDA:68,22,0,2
BRDA:69,23,0,13
BRDA:80,24,0,56
BRDA:81,25,0,41
BRDA:81,26,0,26
BRDA:87,27,0,13
BRDA:83,28,0,36
BRDA:84,29,0,36
BRDA:88,30,0,18
BRDA:113,31,0,5
BRDA:118,32,0,8
BRDA:119,33,0,4
BRDA:119,34,0,4
BRDA:121,35,0,3
BRDA:135,36,0,2
BRDA:136,37,0,1
BRF:38
BRH:37
end_of_record
TN:
SF:src\components\DataGrid\treeDataUtils.ts
FN:13,isTreeNode
FN:25,buildTreeFromFlat
FN:68,setLevels
FN:92,flattenTree
FN:100,traverse
FN:127,toggleNodeExpansion
FN:147,expandAllNodes
FN:154,traverse
FN:175,collapseAllNodes
FN:182,traverse
FN:203,getDescendantIds
FN:210,traverse
FN:232,getNodePath
FN:239,search
FN:266,getTreeDepth
FN:273,traverse
FN:294,countTreeNodes
FN:301,traverse
FN:324,filterTree
FN:331,filter
FNF:20
FNH:20
FNDA:2,isTreeNode
FNDA:12,buildTreeFromFlat
FNDA:34,setLevels
FNDA:2,flattenTree
FNDA:5,traverse
FNDA:2,toggleNodeExpansion
FNDA:1,expandAllNodes
FNDA:3,traverse
FNDA:1,collapseAllNodes
FNDA:3,traverse
FNDA:2,getDescendantIds
FNDA:7,traverse
FNDA:2,getNodePath
FNDA:6,search
FNDA:1,getTreeDepth
FNDA:3,traverse
FNDA:1,countTreeNodes
FNDA:3,traverse
FNDA:1,filterTree
FNDA:3,filter
DA:13,1
DA:14,2
DA:15,2
DA:25,1
DA:26,12
DA:27,12
DA:28,12
DA:29,12
DA:32,12
DA:33,12
DA:36,12
DA:37,45
DA:38,45
DA:39,45
DA:40,45
DA:41,45
DA:42,45
DA:43,45
DA:44,45
DA:45,45
DA:46,45
DA:47,45
DA:48,45
DA:49,12
DA:52,12
DA:53,45
DA:54,45
DA:56,12
DA:57,45
DA:59,33
DA:60,33
DA:61,33
DA:62,33
DA:63,33
DA:64,33
DA:65,12
DA:68,12
DA:69,34
DA:70,45
DA:71,45
DA:72,45
DA:73,22
DA:74,22
DA:75,34
DA:76,34
DA:78,12
DA:80,12
DA:81,12
DA:92,1
DA:93,2
DA:94,2
DA:95,2
DA:96,2
DA:97,2
DA:98,2
DA:100,2
DA:101,5
DA:103,7
DA:106,7
DA:107,7
DA:108,7
DA:110,7
DA:111,3
DA:112,3
DA:113,5
DA:114,5
DA:116,2
DA:117,2
DA:118,2
DA:127,1
DA:128,2
DA:129,2
DA:130,2
DA:131,2
DA:132,2
DA:134,2
DA:135,2
DA:136,2
DA:137,2
DA:138,2
DA:147,1
DA:148,1
DA:149,1
DA:150,1
DA:151,1
DA:152,1
DA:154,1
DA:155,3
DA:156,4
DA:157,4
DA:158,4
DA:159,2
DA:160,2
DA:161,3
DA:162,3
DA:164,1
DA:165,1
DA:166,1
DA:175,1
DA:176,1
DA:177,1
DA:178,1
DA:179,1
DA:180,1
DA:182,1
DA:183,3
DA:184,4
DA:185,4
DA:186,4
DA:187,2
DA:188,2
DA:189,3
DA:190,3
DA:192,1
DA:193,1
DA:194,1
DA:203,1
DA:204,2
DA:205,2
DA:206,2
DA:207,2
DA:208,2
DA:210,2
DA:211,7
DA:212,7
DA:213,4
DA:214,5
DA:215,5
DA:216,4
DA:217,4
DA:218,7
DA:220,2
DA:221,2
DA:222,2
DA:232,1
DA:233,2
DA:234,2
DA:235,2
DA:236,2
DA:237,2
DA:239,2
DA:240,6
DA:241,7
DA:243,7
DA:244,1
DA:245,1
DA:247,6
DA:248,7
DA:249,4
DA:250,4
DA:251,4
DA:252,7
DA:253,3
DA:254,6
DA:256,2
DA:257,2
DA:266,1
DA:267,1
DA:268,1
DA:269,1
DA:270,1
DA:271,1
DA:273,1
DA:274,3
DA:275,4
DA:276,4
DA:277,4
DA:278,2
DA:279,2
DA:280,3
DA:281,3
DA:283,1
DA:284,1
DA:285,1
DA:294,1
DA:295,1
DA:296,1
DA:297,1
DA:298,1
DA:299,1
DA:301,1
DA:302,3
DA:303,4
DA:304,4
DA:305,4
DA:306,2
DA:307,2
DA:308,3
DA:309,3
DA:311,1
DA:312,1
DA:313,1
DA:324,1
DA:325,1
DA:326,1
DA:327,1
DA:328,1
DA:329,1
DA:331,1
DA:332,3
DA:334,3
DA:335,4
DA:336,4
DA:339,4
DA:340,3
DA:341,3
DA:342,3
DA:343,3
DA:344,3
DA:345,3
DA:346,3
DA:348,3
DA:349,3
DA:351,1
DA:352,1
LF:215
LH:215
BRDA:13,0,0,2
BRDA:14,1,0,1
BRDA:25,2,0,12
BRDA:36,3,0,45
BRDA:42,4,0,11
BRDA:52,5,0,45
BRDA:54,6,0,34
BRDA:54,7,0,34
BRDA:54,8,0,12
BRDA:57,9,0,33
BRDA:68,10,0,34
BRDA:69,11,0,45
BRDA:72,12,0,22
BRDA:92,13,0,2
BRDA:100,14,0,5
BRDA:101,15,0,7
BRDA:110,16,0,6
BRDA:110,17,0,6
BRDA:110,18,0,3
BRDA:127,19,0,2
BRDA:147,20,0,1
BRDA:154,21,0,3
BRDA:155,22,0,4
BRDA:158,23,0,2
BRDA:175,24,0,1
BRDA:182,25,0,3
BRDA:183,26,0,4
BRDA:186,27,0,2
BRDA:203,28,0,2
BRDA:210,29,0,7
BRDA:212,30,0,4
BRDA:213,31,0,5
BRDA:232,32,0,2
BRDA:239,33,0,6
BRDA:240,34,0,7
BRDA:243,35,0,1
BRDA:245,36,0,6
BRDA:248,37,0,4
BRDA:250,38,0,2
BRDA:252,39,0,3
BRDA:266,40,0,1
BRDA:273,41,0,3
BRDA:274,42,0,4
BRDA:277,43,0,2
BRDA:294,44,0,1
BRDA:301,45,0,3
BRDA:302,46,0,4
BRDA:305,47,0,2
BRDA:324,48,0,1
BRDA:331,49,0,3
BRDA:334,50,0,4
BRDA:336,51,0,2
BRDA:336,52,0,2
BRDA:339,53,0,3
BRDA:339,54,0,3
BRF:55
BRH:55
end_of_record
